#-----------------------------------------------------------
# Vivado v2018.3 (64-bit)
# SW Build 2405991 on Thu Dec  6 23:38:27 MST 2018
# IP Build 2404404 on Fri Dec  7 01:43:56 MST 2018
# Start of session at: Sun Dec 18 15:32:42 2022
# Process ID: 12728
# Current directory: C:/Users/yigit/Desktop/distance
# Command line: vivado.exe -gui_launcher_event rodinguilauncherevent12828 C:\Users\yigit\Desktop\distance\project_3.xpr
# Log file: C:/Users/yigit/Desktop/distance/vivado.log
# Journal file: C:/Users/yigit/Desktop/distance\vivado.jou
#-----------------------------------------------------------
start_gui
open_project C:/Users/yigit/Desktop/distance/project_3.xpr
INFO: [Project 1-313] Project file moved from 'C:/Users/yigit/Desktop/project_3' since last save.
Scanning sources...
Finished scanning sources
INFO: [IP_Flow 19-234] Refreshing IP repositories
INFO: [IP_Flow 19-1704] No user IP repositories specified
INFO: [IP_Flow 19-2313] Loaded Vivado IP repository 'C:/Xilinx/Vivado/2018.3/data/ip'.
open_project: Time (s): cpu = 00:00:29 ; elapsed = 00:00:12 . Memory (MB): peak = 699.367 ; gain = 92.934
update_compile_order -fileset sources_1
exit
INFO: [Common 17-206] Exiting Vivado at Sun Dec 18 16:05:53 2022...
