#-----------------------------------------------------------
# Vivado v2018.3 (64-bit)
# SW Build 2405991 on Thu Dec  6 23:38:27 MST 2018
# IP Build 2404404 on Fri Dec  7 01:43:56 MST 2018
# Start of session at: Sun Dec 18 15:32:37 2022
# Process ID: 532
# Current directory: C:/Users/yigit/Desktop/uart_receiver
# Command line: vivado.exe -gui_launcher_event rodinguilauncherevent5528 C:\Users\yigit\Desktop\uart_receiver\uart_receiver.xpr
# Log file: C:/Users/yigit/Desktop/uart_receiver/vivado.log
# Journal file: C:/Users/yigit/Desktop/uart_receiver\vivado.jou
#-----------------------------------------------------------
start_gui
open_project C:/Users/yigit/Desktop/uart_receiver/uart_receiver.xpr
Scanning sources...
Finished scanning sources
INFO: [IP_Flow 19-234] Refreshing IP repositories
INFO: [IP_Flow 19-1704] No user IP repositories specified
INFO: [IP_Flow 19-2313] Loaded Vivado IP repository 'C:/Xilinx/Vivado/2018.3/data/ip'.
open_project: Time (s): cpu = 00:00:28 ; elapsed = 00:00:12 . Memory (MB): peak = 696.148 ; gain = 83.738
update_compile_order -fileset sources_1
exit
INFO: [Common 17-206] Exiting Vivado at Sun Dec 18 16:05:55 2022...
